<component name="libraryTable">
  <library name="junit-4.12">
    <CLASSES>
      <root url="jar://$PROJECT_DIR$/domGeneXML/lib/junit-4.12.jar!/" />
      <root url="jar://$PROJECT_DIR$/domGeneXML/lib/dom4j-1.6.1.jar!/" />
    </CLASSES>
    <JAVADOC />
    <SOURCES />
  </library>
</component>